Performing C++ SOURCE FILE Test RANGE_V3_ALIGNED_NEW_PROBE failed with the following output:
Change Dir: /home/lpiarulli_tt/stencil-wormhole/tt-metal_1core_copy/build/CMakeFiles/CMakeTmp

Run Build Command(s):/usr/bin/gmake -f Makefile cmTC_db965/fast && /usr/bin/gmake  -f CMakeFiles/cmTC_db965.dir/build.make CMakeFiles/cmTC_db965.dir/build
gmake[1]: Entering directory '/home/lpiarulli_tt/stencil-wormhole/tt-metal_1core_copy/build/CMakeFiles/CMakeTmp'
Building CXX object CMakeFiles/cmTC_db965.dir/src.cxx.o
/usr/bin/clang++-17 -DRANGE_V3_ALIGNED_NEW_PROBE  -std=c++14 -MD -MT CMakeFiles/cmTC_db965.dir/src.cxx.o -MF CMakeFiles/cmTC_db965.dir/src.cxx.o.d -o CMakeFiles/cmTC_db965.dir/src.cxx.o -c /home/lpiarulli_tt/stencil-wormhole/tt-metal_1core_copy/build/CMakeFiles/CMakeTmp/src.cxx
/home/lpiarulli_tt/stencil-wormhole/tt-metal_1core_copy/build/CMakeFiles/CMakeTmp/src.cxx:5:55: error: no type named 'align_val_t' in namespace 'std'
    5 |     (void) ::operator new(sizeof(S), static_cast<std::align_val_t>(alignof(S)));
      |                                                  ~~~~~^
/home/lpiarulli_tt/stencil-wormhole/tt-metal_1core_copy/build/CMakeFiles/CMakeTmp/src.cxx:5:12: error: no matching function for call to 'operator new'
    5 |     (void) ::operator new(sizeof(S), static_cast<std::align_val_t>(alignof(S)));
      |            ^~~~~~~~~~~~~~
/usr/bin/../lib/gcc/x86_64-linux-gnu/12/../../../../include/c++/12/new:140:26: note: candidate function not viable: no known conversion from 'unsigned long' to 'const std::nothrow_t' for 2nd argument
  140 | _GLIBCXX_NODISCARD void* operator new(std::size_t, const std::nothrow_t&) _GLIBCXX_USE_NOEXCEPT
      |                          ^                         ~~~~~~~~~~~~~~~~~~~~~
/usr/bin/../lib/gcc/x86_64-linux-gnu/12/../../../../include/c++/12/new:174:33: note: candidate function not viable: no known conversion from 'unsigned long' to 'void *' for 2nd argument
  174 | _GLIBCXX_NODISCARD inline void* operator new(std::size_t, void* __p) _GLIBCXX_USE_NOEXCEPT
      |                                 ^                         ~~~~~~~~~
/usr/bin/../lib/gcc/x86_64-linux-gnu/12/../../../../include/c++/12/new:126:26: note: candidate function not viable: requires 1 argument, but 2 were provided
  126 | _GLIBCXX_NODISCARD void* operator new(std::size_t) _GLIBCXX_THROW (std::bad_alloc)
      |                          ^            ~~~~~~~~~~~
2 errors generated.
gmake[1]: *** [CMakeFiles/cmTC_db965.dir/build.make:79: CMakeFiles/cmTC_db965.dir/src.cxx.o] Error 1
gmake[1]: Leaving directory '/home/lpiarulli_tt/stencil-wormhole/tt-metal_1core_copy/build/CMakeFiles/CMakeTmp'
gmake: *** [Makefile:127: cmTC_db965/fast] Error 2


Source file was:
#include <new>

int main() {
    struct alignas(__STDCPP_DEFAULT_NEW_ALIGNMENT__ * 4) S {};
    (void) ::operator new(sizeof(S), static_cast<std::align_val_t>(alignof(S)));
}

Performing C++ SOURCE FILE Test RANGES_HAS_FCOROUTINES_TS failed with the following output:
Change Dir: /home/lpiarulli_tt/stencil-wormhole/tt-metal_1core_copy/build/CMakeFiles/CMakeTmp

Run Build Command(s):/usr/bin/gmake -f Makefile cmTC_7d65a/fast && /usr/bin/gmake  -f CMakeFiles/cmTC_7d65a.dir/build.make CMakeFiles/cmTC_7d65a.dir/build
gmake[1]: Entering directory '/home/lpiarulli_tt/stencil-wormhole/tt-metal_1core_copy/build/CMakeFiles/CMakeTmp'
Building CXX object CMakeFiles/cmTC_7d65a.dir/src.cxx.o
/usr/bin/clang++-17 -DRANGES_HAS_FCOROUTINES_TS  -fcoroutines-ts -std=c++14 -MD -MT CMakeFiles/cmTC_7d65a.dir/src.cxx.o -MF CMakeFiles/cmTC_7d65a.dir/src.cxx.o.d -o CMakeFiles/cmTC_7d65a.dir/src.cxx.o -c /home/lpiarulli_tt/stencil-wormhole/tt-metal_1core_copy/build/CMakeFiles/CMakeTmp/src.cxx
clang++-17: error: unknown argument: '-fcoroutines-ts'
gmake[1]: *** [CMakeFiles/cmTC_7d65a.dir/build.make:79: CMakeFiles/cmTC_7d65a.dir/src.cxx.o] Error 1
gmake[1]: Leaving directory '/home/lpiarulli_tt/stencil-wormhole/tt-metal_1core_copy/build/CMakeFiles/CMakeTmp'
gmake: *** [Makefile:127: cmTC_7d65a/fast] Error 2


Source file was:
#if defined(__cpp_coroutines) && defined(__has_include)
#if __has_include(<coroutine>)
#include <coroutine>
namespace std_coro = std;
#elif __has_include(<experimental/coroutine>)
#include <experimental/coroutine>
namespace std_coro = std::experimental;
#else
#error Either the compiler or the library lacks support for coroutines
#endif
#else
#error Either the compiler or the library lacks support for coroutines
#endif

struct present
{
    struct promise_type
    {
        int result;

        present get_return_object() { return {*this}; }
        std_coro::suspend_never initial_suspend() { return {}; }
        std_coro::suspend_never final_suspend() noexcept { return {}; }
        void return_value(int i) { result = i; }
        void unhandled_exception() {}
    };

    promise_type& promise;

    bool await_ready() const { return true; }
    void await_suspend(std_coro::coroutine_handle<>) const {}
    int await_resume() const { return promise.result; }
};

present f(int n)
{
    if (n < 2)
        co_return 1;
    else
        co_return n * co_await f(n - 1);
}

int main()
{
    return f(5).promise.result != 120;
}

Performing C++ SOURCE FILE Test RANGE_V3_HAS_FCONCEPTS failed with the following output:
Change Dir: /home/lpiarulli_tt/stencil-wormhole/tt-metal_1core_copy/build/CMakeFiles/CMakeTmp

Run Build Command(s):/usr/bin/gmake -f Makefile cmTC_9a09c/fast && /usr/bin/gmake  -f CMakeFiles/cmTC_9a09c.dir/build.make CMakeFiles/cmTC_9a09c.dir/build
gmake[1]: Entering directory '/home/lpiarulli_tt/stencil-wormhole/tt-metal_1core_copy/build/CMakeFiles/CMakeTmp'
Building CXX object CMakeFiles/cmTC_9a09c.dir/src.cxx.o
/usr/bin/clang++-17 -DRANGE_V3_HAS_FCONCEPTS  -fconcepts -std=c++14 -MD -MT CMakeFiles/cmTC_9a09c.dir/src.cxx.o -MF CMakeFiles/cmTC_9a09c.dir/src.cxx.o.d -o CMakeFiles/cmTC_9a09c.dir/src.cxx.o -c /home/lpiarulli_tt/stencil-wormhole/tt-metal_1core_copy/build/CMakeFiles/CMakeTmp/src.cxx
clang++-17: error: unknown argument: '-fconcepts'
gmake[1]: *** [CMakeFiles/cmTC_9a09c.dir/build.make:79: CMakeFiles/cmTC_9a09c.dir/src.cxx.o] Error 1
gmake[1]: Leaving directory '/home/lpiarulli_tt/stencil-wormhole/tt-metal_1core_copy/build/CMakeFiles/CMakeTmp'
gmake: *** [Makefile:127: cmTC_9a09c/fast] Error 2


Source file was:
#if !defined(__cpp_concepts) || __cpp_concepts == 0
#error "Sorry, Charlie. No concepts"
#else
#if __cpp_concepts <= 201507L
#define concept concept bool
#endif

template<class>
concept True = true;

template<class T>
constexpr bool test(T)
{
    return false;
}

template<class T>
    requires True<T>
constexpr bool test(T)
{
    return true;
}

int main()
{
    static_assert(::test(42), "");
}

#endif

